make all --print-data-base --no-builtin-variables --no-builtin-rules --question
# GNU Make 3.81
# Copyright (C) 2006  Free Software Foundation, Inc.
# This is free software; see the source for copying conditions.
# There is NO warranty; not even for MERCHANTABILITY or FITNESS FOR A
# PARTICULAR PURPOSE.

# This program built for i386-apple-darwin11.3.0
 

# Make data base, printed on Tue Jul  5 20:29:31 2022

# Variables

# automatic
<D = $(patsubst %/,%,$(dir $<))
# automatic
?F = $(notdir $?)
# makefile (from `Makefile', line 42)
TEST_INCLUDES = $(shell find $(TEST_DIR) -name "*.h")
# makefile (from `Makefile', line 9)
GCOV_TARGET = ./coverage
# environment
VSCODE_LOG_NATIVE = false
# makefile (from `Makefile', line 6)
TARGET = SmartCalc
# automatic
?D = $(patsubst %/,%,$(dir $?))
# makefile (from `Makefile', line 41)
INCLUDES = $(shell find . -maxdepth 1 -name "*.h")
# automatic
@D = $(patsubst %/,%,$(dir $@))
# automatic
@F = $(notdir $@)
# makefile
CURDIR := /Users/andreyzhelannikov/Ihopethatislast
# makefile (from `Makefile', line 47)
MK = mkdir -p
# makefile
SHELL = /bin/sh
# makefile (from `Makefile', line 46)
RM = rm -f
 
# environment
VSCODE_NLS_CONFIG = {"locale":"en-gb","availableLanguages":{},"_languagePackSupport":true}
# environment
_ = /usr/bin/make
# makefile (from `Makefile', line 11)
CFLAGS = -std=c11 -Wall -Wextra 
# makefile (from `Makefile', line 35)
OBJ_C = $(addprefix $(OBJ_DIR)/, $(notdir $(SRC_C:.c=.o)))
# makefile (from `Makefile', line 44)
UI_HEADER = ui_calculator.h
# makefile (from `Makefile', line 1)
MAKEFILE_LIST :=  Makefile
# makefile (from `Makefile', line 5)
UIC = /opt/homebrew/share/qt/libexec/uic
# makefile (from `Makefile', line 19)
CALCULATOR_DIR = ./calculator
# makefile (from `Makefile', line 20)
OBJ_DIR = ./objs
# makefile (from `Makefile', line 12)
CXXFLAGS = -std=c++17
# environment
VSCODE_VERBOSE_LOGGING = true
# environment
__CFBundleIdentifier = com.microsoft.VSCode
# environment
INFOPATH = /opt/homebrew/share/info:
# environment
VSCODE_IPC_HOOK_EXTHOST = /var/folders/zf/nthzbpb520946jjgmb2f_s0r0000gn/T/vscode-ipc-223f65f1-0176-4dea-a14e-8683d2d3f6ec.sock
# environment
VSCODE_CWD = /
# makefile (from `Makefile', line 3)
RCC = /opt/homebrew/share/qt/libexec/rcc
# makefile (from `Makefile', line 33)
TEST_SRC := ./tests/calc_test.c ./tests/polish_test.c
# environment
PATH = /opt/local/bin:/opt/local/sbin:/opt/homebrew/bin:/opt/homebrew/sbin:/usr/local/bin:/usr/bin:/bin:/usr/sbin:/sbin:~/.dotnet/tools:/Library/Apple/usr/bin:/Library/Frameworks/Mono.framework/Versions/Current/Commands
# environment
LSCOLORS = Gxfxcxdxbxegedabagacad
# makefile (from `Makefile', line 15)
TEST_LIBS = -lcheck
# makefile (from `Makefile', line 18)
TEST_DIR = ./tests
# environment
VSCODE_LOG_STACK = false
# environment
ELECTRON_RUN_AS_NODE = 1
# default
.FEATURES := target-specific order-only second-expansion else-if archives jobserver check-symlink
# environment
SSH_AUTH_SOCK = /private/tmp/com.apple.launchd.nxYVHHUuIn/Listeners
# automatic
%F = $(notdir $%)
# makefile (from `Makefile', line 28)
BUTTONS = $(shell find Buttons)
# makefile (from `Makefile', line 38)
GCOV_TEST_OBJ = $(addprefix $(GCOV_OBJ_DIR)/, $(notdir $(TEST_SRC:.c=.o)))
# environment
VSCODE_PIPE_LOGGING = true
# environment
PWD = /Users/andreyzhelannikov/Ihopethatislast
# environment
HOMEBREW_CELLAR = /opt/homebrew/Cellar
# environment
ORIGINAL_XDG_CURRENT_DESKTOP = undefined
# environment
MANPATH = /opt/local/share/man:/opt/homebrew/share/man::
# environment
VSCODE_AMD_ENTRYPOINT = vs/workbench/api/node/extensionHostProcess
# environment
HOME = /Users/andreyzhelannikov
# default
MAKEFILEPATH := /Applications/Xcode.app/Contents/Developer/Makefiles
# environment
VSCODE_CODE_CACHE_PATH = /Users/andreyzhelannikov/Library/Application Support/Code/CachedData/da15b6fd3ef856477bf6f4fb29ba1b7af717770d
# environment
LOGNAME = andreyzhelannikov
# environment
APPLICATION_INSIGHTS_NO_DIAGNOSTIC_CHANNEL = 1
# environment
ZSH = /Users/andreyzhelannikov/.oh-my-zsh
# environment
VSCODE_HANDLES_UNCAUGHT_ERRORS = true
# automatic
^D = $(patsubst %/,%,$(dir $^))
# makefile (from `Makefile', line 31)
SRC_CXX := ./calculator.cpp ./qcustomplot.cpp ./buttons_text_add_on_click.cpp ./main.cpp moc_calculator.cpp moc_qcustomplot.cpp
# makefile (from `Makefile', line 30)
MOC_FILES = moc_calculator.cpp moc_qcustomplot.cpp
# environment
XPC_FLAGS = 0x0
# default
MAKE = $(MAKE_COMMAND)
# default
MAKECMDGOALS := all
# makefile (from `Makefile', line 43)
UI = calculator.ui
# environment
SHLVL = 1
# makefile (from `Makefile', line 1)
CC = gcc
# default
MAKE_VERSION := 3.81
# environment
USER = andreyzhelannikov
# makefile (from `Makefile', line 36)
GCOV_OBJ_C = $(addprefix $(GCOV_OBJ_DIR)/, $(notdir $(SRC_C:.c=.o)))
# makefile
.DEFAULT_GOAL := all
# environment
LESS = -R
# automatic
%D = $(patsubst %/,%,$(dir $%))
# makefile (from `Makefile', line 21)
GCOV_OBJ_DIR = ./gcov_objs
# default
MAKE_COMMAND := /Applications/Xcode.app/Contents/Developer/usr/bin/make
# makefile (from `Makefile', line 4)
MOC = /opt/homebrew/share/qt/libexec/moc
# default
.VARIABLES := 
# environment
TMPDIR = /var/folders/zf/nthzbpb520946jjgmb2f_s0r0000gn/T/
# automatic
*F = $(notdir $*)
# environment
VSCODE_IPC_HOOK = /Users/andreyzhelannikov/Library/Application Support/Code/1.67.1-main.sock
# makefile
MAKEFLAGS = Rrqp
# environment
MFLAGS = -Rrqp
# automatic
*D = $(patsubst %/,%,$(dir $*))
# environment
XPC_SERVICE_NAME = application.com.microsoft.VSCode.3892367.3892373
# environment
HOMEBREW_PREFIX = /opt/homebrew
# automatic
+D = $(patsubst %/,%,$(dir $+))
# automatic
+F = $(notdir $+)
# makefile (from `Makefile', line 32)
SRC_C := ./calculator/validate.c ./calculator/calc.c ./calculator/converting.c ./calculator/smartcalc.c
# environment
HOMEBREW_REPOSITORY = /opt/homebrew
# environment
__CF_USER_TEXT_ENCODING = 0x1F5:0x0:0x0
# environment
COMMAND_MODE = unix2003
# default
MAKEFILES := 
# makefile (from `Makefile', line 17)
TARGET_DIR = .
# automatic
<F = $(notdir $<)
# makefile (from `Makefile', line 2)
CXX = g++
# makefile (from `Makefile', line 37)
TEST_OBJ = $(addprefix $(OBJ_DIR)/, $(notdir $(TEST_SRC:.c=.o)))
# environment
PAGER = less
# environment
LC_ALL = C
# makefile (from `Makefile', line 8)
TEST_GCOV_EXE = test_gcov
# makefile (from `Makefile', line 14)
LIBS = -F/opt/homebrew/lib -framework QtWidgets -framework QtGui -framework AppKit -framework ImageIO -framework Metal -framework QtCore -framework DiskArbitration -framework IOKit -framework AGL -framework OpenGL
# makefile (from `Makefile', line 39)
OBJ_CXX = $(addprefix $(OBJ_DIR)/, $(notdir $(SRC_CXX:.cpp=.o)))
# automatic
^F = $(notdir $^)
# makefile (from `Makefile', line 13)
GCOV_FLAGS = -fprofile-arcs -ftest-coverage
# default
SUFFIXES := 
# makefile (from `Makefile', line 23)
INCPATH = -I/opt/homebrew/lib/QtWidgets.framework/Headers -I/opt/homebrew/lib/QtGui.framework/Headers -I/opt/homebrew/lib/QtCore.framework/Headers -F/opt/homebrew/lib
# default
.INCLUDE_DIRS = /usr/local/include
# environment
MAKELEVEL := 0
# makefile (from `Makefile', line 10)
GCOV_INFO = coverage.info
# environment
LANG = C
# environment
VSCODE_PID = 94406
# makefile (from `Makefile', line 7)
TEST_TARGET = test
# variable set hash-table stats:
# Load=108/1024=11%, Rehash=0, Collisions=5/216=2%

# Pattern-specific Variable Values

# No pattern-specific variable values.

# Directories

# . (device 16777234, inode 9692431): 22 files, no impossibilities.

# 22 files, no impossibilities in 1 directories.

# Implicit Rules

# No implicit rules.

# Files

# Not a target:
Buttons/two.png:
#  Implicit rule search has not been done.
#  Modification time never checked.
#  File has not been updated.

# Not a target:
Buttons/atand.png:
#  Implicit rule search has not been done.
#  Modification time never checked.
#  File has not been updated.

# Not a target:
Buttons/fourd.png:
#  Implicit rule search has not been done.
#  Modification time never checked.
#  File has not been updated.

# Not a target:
Buttons/br_l.png:
#  Implicit rule search has not been done.
#  Modification time never checked.
#  File has not been updated.

objs/calculator.o: ./calculator.cpp qcustomplot.h ui_calculator.h calculator.h
#  Implicit rule search has not been done.
#  Implicit/static pattern stem: `/calculator'
#  Last modified 2022-07-05 20:28:40
#  File has been updated.
#  Successfully updated.
# variable set hash-table stats:
# Load=0/32=0%, Rehash=0, Collisions=0/0=0%
#  commands to execute (from `Makefile', line 66):
	$(CXX) -c $(CXXFLAGS) $(INCPATH) $< -o $@
	

# Not a target:
Buttons/six.png:
#  Implicit rule search has not been done.
#  Modification time never checked.
#  File has not been updated.

# Not a target:
Buttons/sind.png:
#  Implicit rule search has not been done.
#  Modification time never checked.
#  File has not been updated.

objs/smartcalc.o: calculator/smartcalc.c qcustomplot.h ui_calculator.h calculator.h
#  Implicit rule search has not been done.
#  Implicit/static pattern stem: `/smartcalc'
#  Last modified 2022-07-05 20:28:37
#  File has been updated.
#  Successfully updated.
# variable set hash-table stats:
# Load=0/32=0%, Rehash=0, Collisions=0/0=0%
#  commands to execute (from `Makefile', line 60):
	$(CC) -c $(CFLAGS) $< -o $@
	

# Not a target:
resourses.qrc:
 
#  Implicit rule search has not been done.
#  Modification time never checked.
#  File has not been updated.

objs/main.o: ./main.cpp qcustomplot.h ui_calculator.h calculator.h
#  Implicit rule search has not been done.
#  Implicit/static pattern stem: `/main'
#  Last modified 2022-07-05 20:28:54
#  File has been updated.
#  Successfully updated.
# variable set hash-table stats:
# Load=0/32=0%, Rehash=0, Collisions=0/0=0%
#  commands to execute (from `Makefile', line 66):
	$(CXX) -c $(CXXFLAGS) $(INCPATH) $< -o $@
	

# Not a target:
Buttons/sqrtd.png:
#  Implicit rule search has not been done.
#  Modification time never checked.
#  File has not been updated.

gcov_report: coverage
#  Implicit rule search has not been done.
#  Modification time never checked.
#  File has not been updated.
# makefile (from `Makefile', line 91)
# CFLAGS += $(GCOV_FLAGS)
# variable set hash-table stats:
# Load=1/32=3%, Rehash=0, Collisions=0/2=0%

all: SmartCalc
#  Command-line target.
#  Implicit rule search has been done.
#  File does not exist.
#  File has been updated.
#  Successfully updated.
# variable set hash-table stats:
# Load=0/32=0%, Rehash=0, Collisions=0/0=0%

# Not a target:
Buttons/minusd.png:
#  Implicit rule search has not been done.
#  Modification time never checked.
#  File has not been updated.

gcov_objs:
#  Implicit rule search has not been done.
#  Modification time never checked.
#  File has not been updated.
#  commands to execute (from `Makefile', line 89):
	$(MK) $(GCOV_OBJ_DIR)
	

# Not a target:
Buttons/arrow_right.png:
#  Implicit rule search has not been done.
#  Modification time never checked.
#  File has not been updated.

# Not a target:
qcustomplot.h:
#  Implicit rule search has been done.
#  Last modified 2022-07-05 20:01:16
#  File has been updated.
#  Successfully updated.
# variable set hash-table stats:
# Load=0/32=0%, Rehash=0, Collisions=0/0=0%

ui_calculator.h: calculator.ui qcustomplot.h
#  Implicit rule search has not been done.
#  Last modified 2022-07-05 20:28:37
#  File has been updated.
#  Successfully updated.
# variable set hash-table stats:
# Load=0/32=0%, Rehash=0, Collisions=0/0=0%
#  commands to execute (from `Makefile', line 83):
	$(UIC) $(UI) -o $(UI_HEADER)
	

# Not a target:
Buttons/tand.png:
#  Implicit rule search has not been done.
#  Modification time never checked.
#  File has not been updated.

# Not a target:
Buttons/log.png:
#  Implicit rule search has not been done.
#  Modification time never checked.
#  File has not been updated.

# Not a target:
calculator/calc.c:
#  Implicit rule search has been done.
#  Last modified 2022-07-05 20:01:16
#  File has been updated.
#  Successfully updated.
# variable set hash-table stats:
# Load=0/32=0%, Rehash=0, Collisions=0/0=0%

# Not a target:
Buttons/acos.png:
#  Implicit rule search has not been done.
#  Modification time never checked.
#  File has not been updated.

objs/buttons_text_add_on_click.o: ./buttons_text_add_on_click.cpp qcustomplot.h ui_calculator.h calculator.h
#  Implicit rule search has not been done.
#  Implicit/static pattern stem: `/buttons_text_add_on_click'
#  Last modified 2022-07-05 20:28:51
#  File has been updated.
#  Successfully updated.
# variable set hash-table stats:
# Load=0/32=0%, Rehash=0, Collisions=0/0=0%
#  commands to execute (from `Makefile', line 66):
	$(CXX) -c $(CXXFLAGS) $(INCPATH) $< -o $@
	

# Not a target:
Buttons/fived.png:
#  Implicit rule search has not been done.
#  Modification time never checked.
#  File has not been updated.

objs/converting.o: calculator/converting.c qcustomplot.h ui_calculator.h calculator.h
#  Implicit rule search has not been done.
#  Implicit/static pattern stem: `/converting'
#  Last modified 2022-07-05 20:28:37
#  File has been updated.
#  Successfully updated.
# variable set hash-table stats:
# Load=0/32=0%, Rehash=0, Collisions=0/0=0%
#  commands to execute (from `Makefile', line 60):
	$(CC) -c $(CFLAGS) $< -o $@
	

moc_qcustomplot.cpp: qcustomplot.h
#  Implicit rule search has not been done.
#  Last modified 2022-07-05 20:28:37
#  File has been updated.
#  Successfully updated.
#  commands to execute (from `Makefile', line 80):
	$(MOC) $(INCPATH) qcustomplot.h -o moc_qcustomplot.cpp
	

gcov_objs/validate.o: calculator/validate.c qcustomplot.h ui_calculator.h calculator.h
#  Implicit rule search has not been done.
#  Implicit/static pattern stem: `/validate'
#  Modification time never checked.
#  File has not been updated.
#  commands to execute (from `Makefile', line 63):
	$(CC) -c $(CFLAGS) $< -o $@
	

# Not a target:
.SUFFIXES:
#  Implicit rule search has not been done.
#  Modification time never checked.
#  File has not been updated.

objs/moc_calculator.o: moc_calculator.cpp qcustomplot.h ui_calculator.h calculator.h
#  Implicit rule search has not been done.
#  Implicit/static pattern stem: `/moc_calculator'
#  Last modified 2022-07-05 20:28:57
#  File has been updated.
#  Successfully updated.
#  commands to execute (from `Makefile', line 66):
	$(CXX) -c $(CXXFLAGS) $(INCPATH) $< -o $@
	

# Not a target:
Buttons/sqrt.png:
#  Implicit rule search has not been done.
#  Modification time never checked.
#  File has not been updated.

# Not a target:
Makefile:
#  Implicit rule search has been done.
#  Last modified 2022-07-05 20:28:23
#  File has been updated.
#  Successfully updated.
# variable set hash-table stats:
# Load=0/32=0%, Rehash=0, Collisions=0/0=0%

# Not a target:
Buttons/atan.png:
#  Implicit rule search has not been done.
#  Modification time never checked.
#  File has not been updated.

# Not a target:
./qcustomplot.cpp:
#  Implicit rule search has been done.
#  Last modified 2022-07-05 20:01:16
#  File has been updated.
#  Successfully updated.
# variable set hash-table stats:
# Load=0/32=0%, Rehash=0, Collisions=0/0=0%

# Not a target:
Buttons/minus.png:
#  Implicit rule search has not been done.
#  Modification time never checked.
#  File has not been updated.

# Not a target:
Buttons/three.png:
#  Implicit rule search has not been done.
#  Modification time never checked.
#  File has not been updated.

# Not a target:
Buttons/four.png:
#  Implicit rule search has not been done.
#  Modification time never checked.
#  File has not been updated.

test: objs objs/calc_test.o objs/polish_test.o objs/validate.o objs/calc.o objs/converting.o objs/smartcalc.o
#  Implicit rule search has not been done.
#  Modification time never checked.
#  File has not been updated.
#  commands to execute (from `Makefile', line 56):
	$(CC) -o $(TEST_TARGET) $(TEST_OBJ) $(OBJ_C) $(TEST_LIBS)
	./test
	

# Not a target:
Buttons/sin.png:
#  Implicit rule search has not been done.
#  Modification time never checked.
#  File has not been updated.

# Not a target:
calculator.ui:
#  Implicit rule search has been done.
#  Last modified 2022-07-05 20:01:16
#  File has been updated.
#  Successfully updated.
# variable set hash-table stats:
# Load=0/32=0%, Rehash=0, Collisions=0/0=0%

# Not a target:
./calculator.cpp:
#  Implicit rule search has been done.
#  Last modified 2022-07-05 20:01:16
#  File has been updated.
#  Successfully updated.
# variable set hash-table stats:
# Load=0/32=0%, Rehash=0, Collisions=0/0=0%
 

# Not a target:
Buttons/dotd.png:
#  Implicit rule search has not been done.
#  Modification time never checked.
#  File has not been updated.

SmartCalc: ui_calculator.h moc_calculator.cpp moc_qcustomplot.cpp objs objs/validate.o objs/calc.o objs/converting.o objs/smartcalc.o objs/calculator.o objs/qcustomplot.o objs/buttons_text_add_on_click.o objs/main.o objs/moc_calculator.o objs/moc_qcustomplot.o
#  Implicit rule search has not been done.
#  Last modified 2022-07-05 20:29:02
#  File has been updated.
#  Successfully updated.
# variable set hash-table stats:
# Load=0/32=0%, Rehash=0, Collisions=0/0=0%
#  commands to execute (from `Makefile', line 52):
	$(CXX) -o $(TARGET) $(OBJ_C) $(OBJ_CXX) $(LIBS)
	./SmartCalc
	

# Not a target:
Buttons/arrow_leftd.png:
#  Implicit rule search has not been done.
#  Modification time never checked.
#  File has not been updated.

objs:
#  Implicit rule search has not been done.
#  Last modified 2022-07-05 20:29:02
#  File has been updated.
#  Successfully updated.
#  commands to execute (from `Makefile', line 86):
	$(MK) $(OBJ_DIR)
	

# Not a target:
./main.cpp:
#  Implicit rule search has been done.
#  Last modified 2022-07-05 20:01:16
#  File has been updated.
#  Successfully updated.
# variable set hash-table stats:
# Load=0/32=0%, Rehash=0, Collisions=0/0=0%

# Not a target:
Buttons/br_r.png:
#  Implicit rule search has not been done.
#  Modification time never checked.
#  File has not been updated.

# Not a target:
Buttons/zerod.png:
#  Implicit rule search has not been done.
#  Modification time never checked.
#  File has not been updated.

# Not a target:
tests/colors.h:
#  Implicit rule search has not been done.
#  Modification time never checked.
#  File has not been updated.

# Not a target:
Buttons/tan.png:
#  Implicit rule search has not been done.
#  Modification time never checked.
#  File has not been updated.

# Not a target:
Buttons/twod.png:
#  Implicit rule search has not been done.
#  Modification time never checked.
#  File has not been updated.

# Not a target:
calculator/smartcalc.c:
#  Implicit rule search has been done.
#  Last modified 2022-07-05 20:23:55
#  File has been updated.
#  Successfully updated.
# variable set hash-table stats:
# Load=0/32=0%, Rehash=0, Collisions=0/0=0%

# Not a target:
Buttons/enterd.png:
#  Implicit rule search has not been done.
#  Modification time never checked.
#  File has not been updated.

# Not a target:
Buttons/sixd.png:
#  Implicit rule search has not been done.
#  Modification time never checked.
#  File has not been updated.

# Not a target:
Buttons/ln.png:
#  Implicit rule search has not been done.
#  Modification time never checked.
#  File has not been updated.

objs/calc_test.o: tests/calc_test.c tests/colors.h tests/cacl_test.h
#  Implicit rule search has not been done.
#  Implicit/static pattern stem: `/calc_test'
#  Modification time never checked.
#  File has not been updated.
#  commands to execute (from `Makefile', line 69):
	$(CC) -c $(CFLAGS) $< -o $@
	

# Not a target:
Buttons/deleted.png:
#  Implicit rule search has not been done.
#  Modification time never checked.
#  File has not been updated.

fclean: clean
#  Implicit rule search has not been done.
#  Modification time never checked.
#  File has not been updated.
#  commands to execute (from `Makefile', line 112):
	$(RM) moc_*
	$(RM) qrc_*
	$(RM) SmartCalc
	$(RM) ui_calculator.h
	$(RM) $(TEST_TARGET)
	$(RM) $(TEST_GCOV_EXE)
	$(RM) -r $(GCOV_TARGET)
	$(RM) $(GCOV_INFO)
	

# Not a target:
./buttons_text_add_on_click.cpp:
#  Implicit rule search has been done.
#  Last modified 2022-07-05 20:27:56
#  File has been updated.
#  Successfully updated.
# variable set hash-table stats:
# Load=0/32=0%, Rehash=0, Collisions=0/0=0%

# Not a target:
Buttons/cosd.png:
#  Implicit rule search has not been done.
#  Modification time never checked.
#  File has not been updated.

# Not a target:
Buttons/delete.png:
#  Implicit rule search has not been done.
#  Modification time never checked.
#  File has not been updated.

objs/validate.o: calculator/validate.c qcustomplot.h ui_calculator.h calculator.h
#  Implicit rule search has not been done.
#  Implicit/static pattern stem: `/validate'
#  Last modified 2022-07-05 20:28:37
#  File has been updated.
#  Successfully updated.
# variable set hash-table stats:
# Load=0/32=0%, Rehash=0, Collisions=0/0=0%
#  commands to execute (from `Makefile', line 60):
	$(CC) -c $(CFLAGS) $< -o $@
	

gcov_objs/calc.o: calculator/calc.c qcustomplot.h ui_calculator.h calculator.h
#  Implicit rule search has not been done.
#  Implicit/static pattern stem: `/calc'
#  Modification time never checked.
#  File has not been updated.
#  commands to execute (from `Makefile', line 63):
	$(CC) -c $(CFLAGS) $< -o $@
	

# Not a target:
Buttons/asind.png:
#  Implicit rule search has not been done.
#  Modification time never checked.
#  File has not been updated.

# Not a target:
Buttons/arrow_left.png:
#  Implicit rule search has not been done.
#  Modification time never checked.
#  File has not been updated.

# Not a target:
Buttons/muld.png:
#  Implicit rule search has not been done.
#  Modification time never checked.
#  File has not been updated.

coverage.info: test_gcov
#  Implicit rule search has not been done.
#  Modification time never checked.
#  File has not been updated.
#  commands to execute (from `Makefile', line 98):
	./$(TEST_GCOV_EXE)
	geninfo $(GCOV_OBJ_DIR) -b . -o ./$(GCOV_INFO)
	

moc_calculator.cpp: calculator.h qcustomplot.h calculator/main.h
#  Implicit rule search has not been done.
#  Last modified 2022-07-05 20:28:37
#  File has been updated.
#  Successfully updated.
# variable set hash-table stats:
# Load=0/32=0%, Rehash=0, Collisions=0/0=0%
#  commands to execute (from `Makefile', line 77):
	$(MOC) $(INCPATH) calculator.h -o moc_calculator.cpp
	

# Not a target:
Buttons/enter.png:
#  Implicit rule search has not been done.
#  Modification time never checked.
#  File has not been updated.

# Not a target:
Buttons/plusd.png:
#  Implicit rule search has not been done.
#  Modification time never checked.
#  File has not been updated.

# Not a target:
.DEFAULT:
#  Implicit rule search has not been done.
#  Modification time never checked.
#  File has not been updated.

# Not a target:
Buttons/divd.png:
#  Implicit rule search has not been done.
#  Modification time never checked.
#  File has not been updated.

# Not a target:
calculator/converting.c:
#  Implicit rule search has been done.
#  Last modified 2022-07-05 20:01:16
#  File has been updated.
#  Successfully updated.
# variable set hash-table stats:
# Load=0/32=0%, Rehash=0, Collisions=0/0=0%

# Not a target:
calculator/main.h:
#  Implicit rule search has been done.
#  Last modified 2022-07-05 20:23:33
#  File has been updated.
#  Successfully updated.
# variable set hash-table stats:
# Load=0/32=0%, Rehash=0, Collisions=0/0=0%

# Not a target:
Buttons/nine.png:
#  Implicit rule search has not been done.
#  Modification time never checked.
#  File has not been updated.

# Not a target:
 
Buttons/five.png:
#  Implicit rule search has not been done.
#  Modification time never checked.
#  File has not been updated.

# Not a target:
Buttons/sevend.png:
#  Implicit rule search has not been done.
#  Modification time never checked.
#  File has not been updated.

re: fclean all
#  Implicit rule search has not been done.
#  Modification time never checked.
#  File has not been updated.

# Not a target:
Buttons/zero.png:
#  Implicit rule search has not been done.
#  Modification time never checked.
#  File has not been updated.

# Not a target:
Buttons/br_rd.png:
#  Implicit rule search has not been done.
#  Modification time never checked.
#  File has not been updated.

# Not a target:
tests/calc_test.c:
#  Implicit rule search has not been done.
#  Modification time never checked.
#  File has not been updated.

# Not a target:
Buttons:
#  Implicit rule search has not been done.
#  Modification time never checked.
#  File has not been updated.

clean:
#  Implicit rule search has not been done.
#  Modification time never checked.
#  File has not been updated.
#  commands to execute (from `Makefile', line 108):
	$(RM) -r $(OBJ_DIR)
	$(RM) -r $(GCOV_OBJ_DIR)
	

objs/polish_test.o: tests/polish_test.c tests/colors.h tests/cacl_test.h
#  Implicit rule search has not been done.
#  Implicit/static pattern stem: `/polish_test'
#  Modification time never checked.
#  File has not been updated.
#  commands to execute (from `Makefile', line 69):
	$(CC) -c $(CFLAGS) $< -o $@
	

coverage: coverage.info
#  Implicit rule search has not been done.
#  Modification time never checked.
#  File has not been updated.
#  commands to execute (from `Makefile', line 95):
	genhtml $(GCOV_INFO) -o $(GCOV_TARGET)
	

# Not a target:
Buttons/cos.png:
#  Implicit rule search has not been done.
#  Modification time never checked.
#  File has not been updated.

# Not a target:
Buttons/br_ld.png:
#  Implicit rule search has not been done.
#  Modification time never checked.
#  File has not been updated.

open:
#  Implicit rule search has not been done.
#  Modification time never checked.
#  File has not been updated.
#  commands to execute (from `Makefile', line 105):
	open coverage/index.html
	

# Not a target:
Buttons/nined.png:
#  Implicit rule search has not been done.
#  Modification time never checked.
#  File has not been updated.

# Not a target:
Buttons/one.png:
#  Implicit rule search has not been done.
#  Modification time never checked.
#  File has not been updated.

# Not a target:
tests/cacl_test.h:
#  Implicit rule search has not been done.
#  Modification time never checked.
#  File has not been updated.

# Not a target:
Buttons/eightd.png:
#  Implicit rule search has not been done.
#  Modification time never checked.
#  File has not been updated.

# Not a target:
Buttons/div.png:
#  Implicit rule search has not been done.
#  Modification time never checked.
#  File has not been updated.

objs/calc.o: calculator/calc.c qcustomplot.h ui_calculator.h calculator.h
#  Implicit rule search has not been done.
#  Implicit/static pattern stem: `/calc'
#  Last modified 2022-07-05 20:28:37
#  File has been updated.
#  Successfully updated.
# variable set hash-table stats:
# Load=0/32=0%, Rehash=0, Collisions=0/0=0%
#  commands to execute (from `Makefile', line 60):
	$(CC) -c $(CFLAGS) $< -o $@
	

# Not a target:
Buttons/plus.png:
#  Implicit rule search has not been done.
#  Modification time never checked.
#  File has not been updated.

gcov_objs/smartcalc.o: calculator/smartcalc.c qcustomplot.h ui_calculator.h calculator.h
#  Implicit rule search has not been done.
#  Implicit/static pattern stem: `/smartcalc'
#  Modification time never checked.
#  File has not been updated.
#  commands to execute (from `Makefile', line 63):
	$(CC) -c $(CFLAGS) $< -o $@
	

# Not a target:
Buttons/asin.png:
#  Implicit rule search has not been done.
#  Modification time never checked.
#  File has not been updated.

# Not a target:
Buttons/oned.png:
#  Implicit rule search has not been done.
#  Modification time never checked.
#  File has not been updated.

# Not a target:
Buttons/seven.png:
#  Implicit rule search has not been done.
#  Modification time never checked.
#  File has not been updated.

# Not a target:
Buttons/mul.png:
#  Implicit rule search has not been done.
#  Modification time never checked.
#  File has not been updated.

# Not a target:
tests/polish_test.c:
#  Implicit rule search has not been done.
#  Modification time never checked.
#  File has not been updated.

# Not a target:
calculator/validate.c:
#  Implicit rule search has been done.
#  Last modified 2022-07-05 20:23:39
#  File has been updated.
#  Successfully updated.
# variable set hash-table stats:
# Load=0/32=0%, Rehash=0, Collisions=0/0=0%

# Not a target:
calculator.h:
#  Implicit rule search has been done.
#  Last modified 2022-07-05 20:01:16
#  File has been updated.
#  Successfully updated.
# variable set hash-table stats:
# Load=0/32=0%, Rehash=0, Collisions=0/0=0%

# Not a target:
Buttons/threed.png:
#  Implicit rule search has not been done.
#  Modification time never checked.
#  File has not been updated.

# Not a target:
Buttons/lnd.png:
#  Implicit rule search has not been done.
#  Modification time never checked.
#  File has not been updated.

# Not a target:
Buttons/enterw.png:
#  Implicit rule search has not been done.
#  Modification time never checked.
#  File has not been updated.

# Not a target:
Buttons/enterwd.png:
 
#  Implicit rule search has not been done.
#  Modification time never checked.
#  File has not been updated.

# Not a target:
Buttons/dot.png:
#  Implicit rule search has not been done.
#  Modification time never checked.
#  File has not been updated.

qrc_resourses.cpp: resourses.qrc Buttons Buttons/deleted.png Buttons/plus.png Buttons/plusd.png Buttons/arrow_right.png Buttons/sind.png Buttons/tand.png Buttons/fived.png Buttons/three.png Buttons/minusd.png Buttons/arrow_rightd.png Buttons/eightd.png Buttons/arrow_left.png Buttons/br_rd.png Buttons/acosd.png Buttons/dot.png Buttons/logd.png Buttons/br_ld.png Buttons/br_l.png Buttons/threed.png Buttons/atan.png Buttons/cos.png Buttons/six.png Buttons/two.png Buttons/sin.png Buttons/div.png Buttons/four.png Buttons/nined.png Buttons/zerod.png Buttons/oned.png Buttons/zero.png Buttons/dotd.png Buttons/minus.png Buttons/twod.png Buttons/eight.png Buttons/br_r.png Buttons/tan.png Buttons/enter.png Buttons/enterd.png Buttons/divd.png Buttons/asin.png Buttons/enterw.png Buttons/mul.png Buttons/arrow_leftd.png Buttons/five.png Buttons/one.png Buttons/acos.png Buttons/delete.png Buttons/sqrtd.png Buttons/sqrt.png Buttons/log.png Buttons/fourd.png Buttons/seven.png Buttons/enterwd.png Buttons/cosd.png Buttons/ln.png Buttons/sixd.png Buttons/lnd.png Buttons/nine.png Buttons/muld.png Buttons/sevend.png Buttons/atand.png Buttons/asind.png
#  Implicit rule search has not been done.
#  Modification time never checked.
#  File has not been updated.
#  commands to execute (from `Makefile', line 72):
	$(RCC) -name resourses resourses.qrc -o qrc_resourses.cpp
	

# Not a target:
Buttons/arrow_rightd.png:
#  Implicit rule search has not been done.
#  Modification time never checked.
#  File has not been updated.

# Not a target:
Buttons/logd.png:
#  Implicit rule search has not been done.
#  Modification time never checked.
#  File has not been updated.

test_gcov: gcov_objs objs gcov_objs/validate.o gcov_objs/calc.o gcov_objs/converting.o gcov_objs/smartcalc.o objs/calc_test.o objs/polish_test.o Makefile
#  Implicit rule search has not been done.
#  Modification time never checked.
#  File has not been updated.
#  commands to execute (from `Makefile', line 102):
	$(CC) $(GCOV_OBJ_C) $(TEST_OBJ) $(GCOV_FLAGS) -o $(TEST_GCOV_EXE) $(TEST_LIBS)
	

objs/moc_qcustomplot.o: moc_qcustomplot.cpp qcustomplot.h ui_calculator.h calculator.h
#  Implicit rule search has not been done.
#  Implicit/static pattern stem: `/moc_qcustomplot'
#  Last modified 2022-07-05 20:29:02
#  File has been updated.
#  Successfully updated.
#  commands to execute (from `Makefile', line 66):
	$(CXX) -c $(CXXFLAGS) $(INCPATH) $< -o $@
	

# Not a target:
Buttons/eight.png:
#  Implicit rule search has not been done.
#  Modification time never checked.
#  File has not been updated.

gcov_objs/converting.o: calculator/converting.c qcustomplot.h ui_calculator.h calculator.h
#  Implicit rule search has not been done.
#  Implicit/static pattern stem: `/converting'
#  Modification time never checked.
#  File has not been updated.
#  commands to execute (from `Makefile', line 63):
	$(CC) -c $(CFLAGS) $< -o $@
	

# Not a target:
Buttons/acosd.png:
#  Implicit rule search has not been done.
#  Modification time never checked.
#  File has not been updated.

objs/qcustomplot.o: ./qcustomplot.cpp qcustomplot.h ui_calculator.h calculator.h
#  Implicit rule search has not been done.
#  Implicit/static pattern stem: `/qcustomplot'
#  Last modified 2022-07-05 20:28:48
#  File has been updated.
#  Successfully updated.
# variable set hash-table stats:
# Load=0/32=0%, Rehash=0, Collisions=0/0=0%
#  commands to execute (from `Makefile', line 66):
	$(CXX) -c $(CXXFLAGS) $(INCPATH) $< -o $@
	

# files hash-table stats:
# Load=116/1024=11%, Rehash=0, Collisions=38/300=13%
# VPATH Search Paths

# No `vpath' search paths.

# No general (`VPATH' variable) search path.

# # of strings in strcache: 1
# # of strcache buffers: 1
# strcache size: total = 4096 / max = 4096 / min = 4096 / avg = 4096
# strcache free: total = 4087 / max = 4087 / min = 4087 / avg = 4087

# Finished Make data base on Tue Jul  5 20:29:31 2022

 
